
Processing run_Select.C(2016,0,2,2,2,2)...
reading List_File/listDTUL_inputSelect.txt

 [---------------<< Program starts >>---------------]
 [                                                  ]
 [    [+] Task: Create trees of preselection        ]
 [    [+] List of parameters:                       ]
 [     |-- Data type:           Data                ]
 [     |-- Lepton type:         muon                ]
 [     |-- Year:                2016                ]
 [     `-- Number of files:     01                  ]
 [                                                  ]
 [--------------------------------------------------]

 Info: Main loop is starting
 ---------------------------
 [+] Start processing file #[02] for the [Signal] region:
  |-- Basic info:
  |   |-- Path to file(s):  [/home/hoa/Task_ZgSMP/Output/Tree_PreselectDT/tree16UL_Muon_RunC.root]
  |   |-- ch.Iso @ Pre.Sel. step: [Worst]
  |   |-- ch.Iso @ Sel. step:     [Worst]
  |   |-- Dir to output:  [/home/hoa/Task_ZgSMP/Output/HistDTUL/Region_Signal/IsoType_WorstWorst/]
  |   `-- cross-section:    [1.000000]
  |-- Found:          [21512] events
  |-- Selected:       [3021] events
  |-- Save output at: [/home/hoa/Task_ZgSMP/Output/HistDTUL/Region_Signal/IsoType_WorstWorst/hist16UL_Muon_RunC.root]
  `-- Job's done:
      |-- Prep time:   [0.000] hours
      |-- Work time:   [0.014] hours
      `-- Total time:  [0.014] hours

 [+] Start processing file #[02] for the [Signal] region:
  |-- Basic info:
  |   |-- Path to file(s):  [/home/hoa/Task_ZgSMP/Output/Tree_PreselectDT/tree16UL_Muon_RunC.root]
  |   |-- ch.Iso @ Pre.Sel. step: [Worst]
  |   |-- ch.Iso @ Sel. step:     [Correct]
  |   |-- Dir to output:  [/home/hoa/Task_ZgSMP/Output/HistDTUL/Region_Signal/IsoType_WorstCorrect/]
  |   `-- cross-section:    [1.000000]
  |-- Found:          [21512] events
  |-- Selected:       [4898] events
  |-- Save output at: [/home/hoa/Task_ZgSMP/Output/HistDTUL/Region_Signal/IsoType_WorstCorrect/hist16UL_Muon_RunC.root]
  `-- Job's done:
      |-- Prep time:   [0.000] hours
      |-- Work time:   [0.016] hours
      `-- Total time:  [0.016] hours

 [+] Start processing file #[02] for the [Signal] region:
  |-- Basic info:
  |   |-- Path to file(s):  [/home/hoa/Task_ZgSMP/Output/Tree_PreselectDT/tree16UL_Muon_RunC.root]
  |   |-- ch.Iso @ Pre.Sel. step: [Correct]
  |   |-- ch.Iso @ Sel. step:     [Worst]
  |   |-- Dir to output:  [/home/hoa/Task_ZgSMP/Output/HistDTUL/Region_Signal/IsoType_CorrectWorst/]
  |   `-- cross-section:    [1.000000]
  |-- Found:          [21512] events
  |-- Selected:       [3021] events
  |-- Save output at: [/home/hoa/Task_ZgSMP/Output/HistDTUL/Region_Signal/IsoType_CorrectWorst/hist16UL_Muon_RunC.root]
  `-- Job's done:
      |-- Prep time:   [0.000] hours
      |-- Work time:   [0.014] hours
      `-- Total time:  [0.014] hours

 [+] Start processing file #[02] for the [Signal] region:
  |-- Basic info:
  |   |-- Path to file(s):  [/home/hoa/Task_ZgSMP/Output/Tree_PreselectDT/tree16UL_Muon_RunC.root]
  |   |-- ch.Iso @ Pre.Sel. step: [Correct]
  |   |-- ch.Iso @ Sel. step:     [Correct]
  |   |-- Dir to output:  [/home/hoa/Task_ZgSMP/Output/HistDTUL/Region_Signal/IsoType_CorrectCorrect/]
  |   `-- cross-section:    [1.000000]
  |-- Found:          [21512] events
  |-- Selected:       [5359] events
  |-- Save output at: [/home/hoa/Task_ZgSMP/Output/HistDTUL/Region_Signal/IsoType_CorrectCorrect/hist16UL_Muon_RunC.root]
  `-- Job's done:
      |-- Prep time:   [0.000] hours
      |-- Work time:   [0.016] hours
      `-- Total time:  [0.016] hours

 [+] Start processing file #[02] for the [Sideband] region:
  |-- Basic info:
  |   |-- Path to file(s):  [/home/hoa/Task_ZgSMP/Output/Tree_PreselectDT/tree16UL_Muon_RunC.root]
  |   |-- ch.Iso @ Pre.Sel. step: [Worst]
  |   |-- ch.Iso @ Sel. step:     [Worst]
  |   |-- Dir to output:  [/home/hoa/Task_ZgSMP/Output/HistDTUL/Region_Sideband/IsoType_WorstWorst/]
  |   `-- cross-section:    [1.000000]
  |-- Found:          [21512] events
  |-- Selected:       [7214] events
  |-- Save output at: [/home/hoa/Task_ZgSMP/Output/HistDTUL/Region_Sideband/IsoType_WorstWorst/hist16UL_Muon_RunC.root]
  `-- Job's done:
      |-- Prep time:   [0.000] hours
      |-- Work time:   [0.016] hours
      `-- Total time:  [0.016] hours

 [+] Start processing file #[02] for the [Sideband] region:
  |-- Basic info:
  |   |-- Path to file(s):  [/home/hoa/Task_ZgSMP/Output/Tree_PreselectDT/tree16UL_Muon_RunC.root]
  |   |-- ch.Iso @ Pre.Sel. step: [Worst]
  |   |-- ch.Iso @ Sel. step:     [Correct]
  |   |-- Dir to output:  [/home/hoa/Task_ZgSMP/Output/HistDTUL/Region_Sideband/IsoType_WorstCorrect/]
  |   `-- cross-section:    [1.000000]
  |-- Found:          [21512] events
  |-- Selected:       [5343] events
  |-- Save output at: [/home/hoa/Task_ZgSMP/Output/HistDTUL/Region_Sideband/IsoType_WorstCorrect/hist16UL_Muon_RunC.root]
  `-- Job's done:
      |-- Prep time:   [0.000] hours
      |-- Work time:   [0.016] hours
      `-- Total time:  [0.016] hours

 [+] Start processing file #[02] for the [Sideband] region:
  |-- Basic info:
  |   |-- Path to file(s):  [/home/hoa/Task_ZgSMP/Output/Tree_PreselectDT/tree16UL_Muon_RunC.root]
  |   |-- ch.Iso @ Pre.Sel. step: [Correct]
  |   |-- ch.Iso @ Sel. step:     [Worst]
  |   |-- Dir to output:  [/home/hoa/Task_ZgSMP/Output/HistDTUL/Region_Sideband/IsoType_CorrectWorst/]
  |   `-- cross-section:    [1.000000]
  |-- Found:          [21512] events
  |-- Selected:       [9839] events
  |-- Save output at: [/home/hoa/Task_ZgSMP/Output/HistDTUL/Region_Sideband/IsoType_CorrectWorst/hist16UL_Muon_RunC.root]
  `-- Job's done:
      |-- Prep time:   [0.000] hours
      |-- Work time:   [0.018] hours
      `-- Total time:  [0.018] hours

 [+] Start processing file #[02] for the [Sideband] region:
  |-- Basic info:
  |   |-- Path to file(s):  [/home/hoa/Task_ZgSMP/Output/Tree_PreselectDT/tree16UL_Muon_RunC.root]
  |   |-- ch.Iso @ Pre.Sel. step: [Correct]
  |   |-- ch.Iso @ Sel. step:     [Correct]
  |   |-- Dir to output:  [/home/hoa/Task_ZgSMP/Output/HistDTUL/Region_Sideband/IsoType_CorrectCorrect/]
  |   `-- cross-section:    [1.000000]
  |-- Found:          [21512] events
  |-- Selected:       [7512] events
  |-- Save output at: [/home/hoa/Task_ZgSMP/Output/HistDTUL/Region_Sideband/IsoType_CorrectCorrect/hist16UL_Muon_RunC.root]
  `-- Job's done:
      |-- Prep time:   [0.000] hours
      |-- Work time:   [0.016] hours
      `-- Total time:  [0.016] hours

(int) 0
