
Processing run_Select.C(2016,0,2,2,8,8)...
reading List_File/listDTUL_inputSelect.txt

 [---------------<< Program starts >>---------------]
 [                                                  ]
 [    [+] Task: Create trees of preselection        ]
 [    [+] List of parameters:                       ]
 [     |-- Data type:           Data                ]
 [     |-- Lepton type:         muon                ]
 [     |-- Year:                2016                ]
 [     `-- Number of files:     01                  ]
 [                                                  ]
 [--------------------------------------------------]

 Info: Main loop is starting
 ---------------------------
 [+] Start processing file #[08] for the [Signal] region:
  |-- Basic info:
  |   |-- Path to file(s):  [/home/hoa/Task_ZgSMP/Output/Tree_PreselectDT/tree16UL_Muon_RunH.root]
  |   |-- ch.Iso @ Pre.Sel. step: [Worst]
  |   |-- ch.Iso @ Sel. step:     [Worst]
  |   |-- Dir to output:  [/home/hoa/Task_ZgSMP/Output/HistDTUL/Region_Signal/IsoType_WorstWorst/]
  |   `-- cross-section:    [1.000000]
  |-- Found:          [89682] events
  |-- Selected:       [10976] events
  |-- Save output at: [/home/hoa/Task_ZgSMP/Output/HistDTUL/Region_Signal/IsoType_WorstWorst/hist16UL_Muon_RunH.root]
  `-- Job's done:
      |-- Prep time:   [0.000] hours
      |-- Work time:   [0.060] hours
      `-- Total time:  [0.060] hours

 [+] Start processing file #[08] for the [Signal] region:
  |-- Basic info:
  |   |-- Path to file(s):  [/home/hoa/Task_ZgSMP/Output/Tree_PreselectDT/tree16UL_Muon_RunH.root]
  |   |-- ch.Iso @ Pre.Sel. step: [Worst]
  |   |-- ch.Iso @ Sel. step:     [Correct]
  |   |-- Dir to output:  [/home/hoa/Task_ZgSMP/Output/HistDTUL/Region_Signal/IsoType_WorstCorrect/]
  |   `-- cross-section:    [1.000000]
  |-- Found:          [89682] events
  |-- Selected:       [19965] events
  |-- Save output at: [/home/hoa/Task_ZgSMP/Output/HistDTUL/Region_Signal/IsoType_WorstCorrect/hist16UL_Muon_RunH.root]
  `-- Job's done:
      |-- Prep time:   [0.000] hours
      |-- Work time:   [0.064] hours
      `-- Total time:  [0.064] hours

 [+] Start processing file #[08] for the [Signal] region:
  |-- Basic info:
  |   |-- Path to file(s):  [/home/hoa/Task_ZgSMP/Output/Tree_PreselectDT/tree16UL_Muon_RunH.root]
  |   |-- ch.Iso @ Pre.Sel. step: [Correct]
  |   |-- ch.Iso @ Sel. step:     [Worst]
  |   |-- Dir to output:  [/home/hoa/Task_ZgSMP/Output/HistDTUL/Region_Signal/IsoType_CorrectWorst/]
  |   `-- cross-section:    [1.000000]
  |-- Found:          [89682] events
  |-- Selected:       [10976] events
  |-- Save output at: [/home/hoa/Task_ZgSMP/Output/HistDTUL/Region_Signal/IsoType_CorrectWorst/hist16UL_Muon_RunH.root]
  `-- Job's done:
      |-- Prep time:   [0.000] hours
      |-- Work time:   [0.054] hours
      `-- Total time:  [0.054] hours

 [+] Start processing file #[08] for the [Signal] region:
  |-- Basic info:
  |   |-- Path to file(s):  [/home/hoa/Task_ZgSMP/Output/Tree_PreselectDT/tree16UL_Muon_RunH.root]
  |   |-- ch.Iso @ Pre.Sel. step: [Correct]
  |   |-- ch.Iso @ Sel. step:     [Correct]
  |   |-- Dir to output:  [/home/hoa/Task_ZgSMP/Output/HistDTUL/Region_Signal/IsoType_CorrectCorrect/]
  |   `-- cross-section:    [1.000000]
  |-- Found:          [89682] events
  |-- Selected:       [22026] events
  |-- Save output at: [/home/hoa/Task_ZgSMP/Output/HistDTUL/Region_Signal/IsoType_CorrectCorrect/hist16UL_Muon_RunH.root]
  `-- Job's done:
      |-- Prep time:   [0.000] hours
      |-- Work time:   [0.056] hours
      `-- Total time:  [0.056] hours

 [+] Start processing file #[08] for the [Sideband] region:
  |-- Basic info:
  |   |-- Path to file(s):  [/home/hoa/Task_ZgSMP/Output/Tree_PreselectDT/tree16UL_Muon_RunH.root]
  |   |-- ch.Iso @ Pre.Sel. step: [Worst]
  |   |-- ch.Iso @ Sel. step:     [Worst]
  |   |-- Dir to output:  [/home/hoa/Task_ZgSMP/Output/HistDTUL/Region_Sideband/IsoType_WorstWorst/]
  |   `-- cross-section:    [1.000000]
  |-- Found:          [89682] events
  |-- Selected:       [29443] events
  |-- Save output at: [/home/hoa/Task_ZgSMP/Output/HistDTUL/Region_Sideband/IsoType_WorstWorst/hist16UL_Muon_RunH.root]
  `-- Job's done:
      |-- Prep time:   [0.000] hours
      |-- Work time:   [0.054] hours
      `-- Total time:  [0.054] hours

 [+] Start processing file #[08] for the [Sideband] region:
  |-- Basic info:
  |   |-- Path to file(s):  [/home/hoa/Task_ZgSMP/Output/Tree_PreselectDT/tree16UL_Muon_RunH.root]
  |   |-- ch.Iso @ Pre.Sel. step: [Worst]
  |   |-- ch.Iso @ Sel. step:     [Correct]
  |   |-- Dir to output:  [/home/hoa/Task_ZgSMP/Output/HistDTUL/Region_Sideband/IsoType_WorstCorrect/]
  |   `-- cross-section:    [1.000000]
  |-- Found:          [89682] events
  |-- Selected:       [20480] events
  |-- Save output at: [/home/hoa/Task_ZgSMP/Output/HistDTUL/Region_Sideband/IsoType_WorstCorrect/hist16UL_Muon_RunH.root]
  `-- Job's done:
      |-- Prep time:   [0.000] hours
      |-- Work time:   [0.048] hours
      `-- Total time:  [0.048] hours

 [+] Start processing file #[08] for the [Sideband] region:
  |-- Basic info:
  |   |-- Path to file(s):  [/home/hoa/Task_ZgSMP/Output/Tree_PreselectDT/tree16UL_Muon_RunH.root]
  |   |-- ch.Iso @ Pre.Sel. step: [Correct]
  |   |-- ch.Iso @ Sel. step:     [Worst]
  |   |-- Dir to output:  [/home/hoa/Task_ZgSMP/Output/HistDTUL/Region_Sideband/IsoType_CorrectWorst/]
  |   `-- cross-section:    [1.000000]
  |-- Found:          [89682] events
  |-- Selected:       [40208] events
  |-- Save output at: [/home/hoa/Task_ZgSMP/Output/HistDTUL/Region_Sideband/IsoType_CorrectWorst/hist16UL_Muon_RunH.root]
  `-- Job's done:
      |-- Prep time:   [0.000] hours
      |-- Work time:   [0.053] hours
      `-- Total time:  [0.053] hours

 [+] Start processing file #[08] for the [Sideband] region:
  |-- Basic info:
  |   |-- Path to file(s):  [/home/hoa/Task_ZgSMP/Output/Tree_PreselectDT/tree16UL_Muon_RunH.root]
  |   |-- ch.Iso @ Pre.Sel. step: [Correct]
  |   |-- ch.Iso @ Sel. step:     [Correct]
  |   |-- Dir to output:  [/home/hoa/Task_ZgSMP/Output/HistDTUL/Region_Sideband/IsoType_CorrectCorrect/]
  |   `-- cross-section:    [1.000000]
  |-- Found:          [89682] events
  |-- Selected:       [29215] events
  |-- Save output at: [/home/hoa/Task_ZgSMP/Output/HistDTUL/Region_Sideband/IsoType_CorrectCorrect/hist16UL_Muon_RunH.root]
  `-- Job's done:
      |-- Prep time:   [0.000] hours
      |-- Work time:   [0.046] hours
      `-- Total time:  [0.046] hours

(int) 0
