
Processing run_Select.C(2016,1,1,1,6,6)...
reading List_File/listMC_inputSelect.txt

 [---------------<< Program starts >>---------------]
 [                                                  ]
 [    [+] Task: Create trees of preselection        ]
 [    [+] List of parameters:                       ]
 [     |-- Data type:           MC                  ]
 [     |-- Lepton type:         electron            ]
 [     |-- Year:                2016                ]
 [     `-- Number of files:     01                  ]
 [                                                  ]
 [--------------------------------------------------]

 Info: Main loop is starting
 ---------------------------
 [+] Start processing file #[06] for the [Signal] region:
  |-- Basic info:
  |   |-- Path to file(s):  [/home/hoa/Task_ZgSMP/Output/Tree_PreselectMC/tree16_Electron_TT.root]
  |   |-- ch.Iso @ Pre.Sel. step: [Worst]
  |   |-- ch.Iso @ Sel. step:     [Worst]
  |   |-- Dir to output:  [/home/hoa/Task_ZgSMP/Output/HistMCLR/Region_Signal/IsoType_WorstWorst/]
  |   `-- cross-section:    [16.523001]
  |-- Found:          [97755] events
  |-- Selected:       [2192] events
  |-- Save output at: [/home/hoa/Task_ZgSMP/Output/HistMCLR/Region_Signal/IsoType_WorstWorst/hist16_Electron_TT.root]
  `-- Job's done:
      |-- Prep time:   [0.000] hours
      |-- Work time:   [0.044] hours
      `-- Total time:  [0.044] hours

 [+] Start processing file #[06] for the [Signal] region:
  |-- Basic info:
  |   |-- Path to file(s):  [/home/hoa/Task_ZgSMP/Output/Tree_PreselectMC/tree16_Electron_TT.root]
  |   |-- ch.Iso @ Pre.Sel. step: [Worst]
  |   |-- ch.Iso @ Sel. step:     [Correct]
  |   |-- Dir to output:  [/home/hoa/Task_ZgSMP/Output/HistMCLR/Region_Signal/IsoType_WorstCorrect/]
  |   `-- cross-section:    [16.523001]
  |-- Found:          [97755] events
  |-- Selected:       [3907] events
  |-- Save output at: [/home/hoa/Task_ZgSMP/Output/HistMCLR/Region_Signal/IsoType_WorstCorrect/hist16_Electron_TT.root]
  `-- Job's done:
      |-- Prep time:   [0.000] hours
      |-- Work time:   [0.033] hours
      `-- Total time:  [0.033] hours

 [+] Start processing file #[06] for the [Signal] region:
  |-- Basic info:
  |   |-- Path to file(s):  [/home/hoa/Task_ZgSMP/Output/Tree_PreselectMC/tree16_Electron_TT.root]
  |   |-- ch.Iso @ Pre.Sel. step: [Correct]
  |   |-- ch.Iso @ Sel. step:     [Worst]
  |   |-- Dir to output:  [/home/hoa/Task_ZgSMP/Output/HistMCLR/Region_Signal/IsoType_CorrectWorst/]
  |   `-- cross-section:    [16.523001]
  |-- Found:          [97755] events
  |-- Selected:       [2192] events
  |-- Save output at: [/home/hoa/Task_ZgSMP/Output/HistMCLR/Region_Signal/IsoType_CorrectWorst/hist16_Electron_TT.root]
  `-- Job's done:
      |-- Prep time:   [0.000] hours
      |-- Work time:   [0.033] hours
      `-- Total time:  [0.033] hours

 [+] Start processing file #[06] for the [Signal] region:
  |-- Basic info:
  |   |-- Path to file(s):  [/home/hoa/Task_ZgSMP/Output/Tree_PreselectMC/tree16_Electron_TT.root]
  |   |-- ch.Iso @ Pre.Sel. step: [Correct]
  |   |-- ch.Iso @ Sel. step:     [Correct]
  |   |-- Dir to output:  [/home/hoa/Task_ZgSMP/Output/HistMCLR/Region_Signal/IsoType_CorrectCorrect/]
  |   `-- cross-section:    [16.523001]
  |-- Found:          [97755] events
  |-- Selected:       [4689] events
  |-- Save output at: [/home/hoa/Task_ZgSMP/Output/HistMCLR/Region_Signal/IsoType_CorrectCorrect/hist16_Electron_TT.root]
  `-- Job's done:
      |-- Prep time:   [0.000] hours
      |-- Work time:   [0.034] hours
      `-- Total time:  [0.034] hours

 [+] Start processing file #[06] for the [Sideband] region:
  |-- Basic info:
  |   |-- Path to file(s):  [/home/hoa/Task_ZgSMP/Output/Tree_PreselectMC/tree16_Electron_TT.root]
  |   |-- ch.Iso @ Pre.Sel. step: [Worst]
  |   |-- ch.Iso @ Sel. step:     [Worst]
  |   |-- Dir to output:  [/home/hoa/Task_ZgSMP/Output/HistMCLR/Region_Sideband/IsoType_WorstWorst/]
  |   `-- cross-section:    [16.523001]
  |-- Found:          [97755] events
  |-- Selected:       [9950] events
  |-- Save output at: [/home/hoa/Task_ZgSMP/Output/HistMCLR/Region_Sideband/IsoType_WorstWorst/hist16_Electron_TT.root]
  `-- Job's done:
      |-- Prep time:   [0.000] hours
      |-- Work time:   [0.035] hours
      `-- Total time:  [0.035] hours

 [+] Start processing file #[06] for the [Sideband] region:
  |-- Basic info:
  |   |-- Path to file(s):  [/home/hoa/Task_ZgSMP/Output/Tree_PreselectMC/tree16_Electron_TT.root]
  |   |-- ch.Iso @ Pre.Sel. step: [Worst]
  |   |-- ch.Iso @ Sel. step:     [Correct]
  |   |-- Dir to output:  [/home/hoa/Task_ZgSMP/Output/HistMCLR/Region_Sideband/IsoType_WorstCorrect/]
  |   `-- cross-section:    [16.523001]
  |-- Found:          [97755] events
  |-- Selected:       [8256] events
  |-- Save output at: [/home/hoa/Task_ZgSMP/Output/HistMCLR/Region_Sideband/IsoType_WorstCorrect/hist16_Electron_TT.root]
  `-- Job's done:
      |-- Prep time:   [0.000] hours
      |-- Work time:   [0.035] hours
      `-- Total time:  [0.035] hours

 [+] Start processing file #[06] for the [Sideband] region:
  |-- Basic info:
  |   |-- Path to file(s):  [/home/hoa/Task_ZgSMP/Output/Tree_PreselectMC/tree16_Electron_TT.root]
  |   |-- ch.Iso @ Pre.Sel. step: [Correct]
  |   |-- ch.Iso @ Sel. step:     [Worst]
  |   |-- Dir to output:  [/home/hoa/Task_ZgSMP/Output/HistMCLR/Region_Sideband/IsoType_CorrectWorst/]
  |   `-- cross-section:    [16.523001]
  |-- Found:          [97755] events
  |-- Selected:       [17343] events
  |-- Save output at: [/home/hoa/Task_ZgSMP/Output/HistMCLR/Region_Sideband/IsoType_CorrectWorst/hist16_Electron_TT.root]
  `-- Job's done:
      |-- Prep time:   [0.000] hours
      |-- Work time:   [0.038] hours
      `-- Total time:  [0.038] hours

 [+] Start processing file #[06] for the [Sideband] region:
  |-- Basic info:
  |   |-- Path to file(s):  [/home/hoa/Task_ZgSMP/Output/Tree_PreselectMC/tree16_Electron_TT.root]
  |   |-- ch.Iso @ Pre.Sel. step: [Correct]
  |   |-- ch.Iso @ Sel. step:     [Correct]
  |   |-- Dir to output:  [/home/hoa/Task_ZgSMP/Output/HistMCLR/Region_Sideband/IsoType_CorrectCorrect/]
  |   `-- cross-section:    [16.523001]
  |-- Found:          [97755] events
  |-- Selected:       [14906] events
  |-- Save output at: [/home/hoa/Task_ZgSMP/Output/HistMCLR/Region_Sideband/IsoType_CorrectCorrect/hist16_Electron_TT.root]
  `-- Job's done:
      |-- Prep time:   [0.000] hours
      |-- Work time:   [0.037] hours
      `-- Total time:  [0.037] hours

(int) 0
