
Processing run_Select.C(2016,1,1,2,7,7)...
reading List_File/listMC_inputSelect.txt

 [---------------<< Program starts >>---------------]
 [                                                  ]
 [    [+] Task: Create trees of preselection        ]
 [    [+] List of parameters:                       ]
 [     |-- Data type:           MC                  ]
 [     |-- Lepton type:         muon                ]
 [     |-- Year:                2016                ]
 [     `-- Number of files:     01                  ]
 [                                                  ]
 [--------------------------------------------------]

 Info: Main loop is starting
 ---------------------------
 [+] Start processing file #[07] for the [Signal] region:
  |-- Basic info:
  |   |-- Path to file(s):  [/home/hoa/Task_ZgSMP/Output/Tree_PreselectMC/tree16_Muon_Zg.root]
  |   |-- ch.Iso @ Pre.Sel. step: [Worst]
  |   |-- ch.Iso @ Sel. step:     [Worst]
  |   |-- Dir to output:  [/home/hoa/Task_ZgSMP/Output/HistMCLR/Region_Signal/IsoType_WorstWorst/]
  |   `-- cross-section:    [117.863998]
  |-- Found:          [290624] events
  |-- Selected:       [116697] events
  |-- Save output at: [/home/hoa/Task_ZgSMP/Output/HistMCLR/Region_Signal/IsoType_WorstWorst/hist16_Muon_Zg.root]
  `-- Job's done:
      |-- Prep time:   [0.000] hours
      |-- Work time:   [0.141] hours
      `-- Total time:  [0.141] hours

 [+] Start processing file #[07] for the [Signal] region:
  |-- Basic info:
  |   |-- Path to file(s):  [/home/hoa/Task_ZgSMP/Output/Tree_PreselectMC/tree16_Muon_Zg.root]
  |   |-- ch.Iso @ Pre.Sel. step: [Worst]
  |   |-- ch.Iso @ Sel. step:     [Correct]
  |   |-- Dir to output:  [/home/hoa/Task_ZgSMP/Output/HistMCLR/Region_Signal/IsoType_WorstCorrect/]
  |   `-- cross-section:    [117.863998]
  |-- Found:          [290624] events
  |-- Selected:       [161222] events
  |-- Save output at: [/home/hoa/Task_ZgSMP/Output/HistMCLR/Region_Signal/IsoType_WorstCorrect/hist16_Muon_Zg.root]
  `-- Job's done:
      |-- Prep time:   [0.000] hours
      |-- Work time:   [0.143] hours
      `-- Total time:  [0.143] hours

 [+] Start processing file #[07] for the [Signal] region:
  |-- Basic info:
  |   |-- Path to file(s):  [/home/hoa/Task_ZgSMP/Output/Tree_PreselectMC/tree16_Muon_Zg.root]
  |   |-- ch.Iso @ Pre.Sel. step: [Correct]
  |   |-- ch.Iso @ Sel. step:     [Worst]
  |   |-- Dir to output:  [/home/hoa/Task_ZgSMP/Output/HistMCLR/Region_Signal/IsoType_CorrectWorst/]
  |   `-- cross-section:    [117.863998]
  |-- Found:          [290624] events
  |-- Selected:       [116697] events
  |-- Save output at: [/home/hoa/Task_ZgSMP/Output/HistMCLR/Region_Signal/IsoType_CorrectWorst/hist16_Muon_Zg.root]
  `-- Job's done:
      |-- Prep time:   [0.000] hours
      |-- Work time:   [0.108] hours
      `-- Total time:  [0.108] hours

 [+] Start processing file #[07] for the [Signal] region:
  |-- Basic info:
  |   |-- Path to file(s):  [/home/hoa/Task_ZgSMP/Output/Tree_PreselectMC/tree16_Muon_Zg.root]
  |   |-- ch.Iso @ Pre.Sel. step: [Correct]
  |   |-- ch.Iso @ Sel. step:     [Correct]
  |   |-- Dir to output:  [/home/hoa/Task_ZgSMP/Output/HistMCLR/Region_Signal/IsoType_CorrectCorrect/]
  |   `-- cross-section:    [117.863998]
  |-- Found:          [290624] events
  |-- Selected:       [162188] events
  |-- Save output at: [/home/hoa/Task_ZgSMP/Output/HistMCLR/Region_Signal/IsoType_CorrectCorrect/hist16_Muon_Zg.root]
  `-- Job's done:
      |-- Prep time:   [0.000] hours
      |-- Work time:   [0.112] hours
      `-- Total time:  [0.112] hours

 [+] Start processing file #[07] for the [Sideband] region:
  |-- Basic info:
  |   |-- Path to file(s):  [/home/hoa/Task_ZgSMP/Output/Tree_PreselectMC/tree16_Muon_Zg.root]
  |   |-- ch.Iso @ Pre.Sel. step: [Worst]
  |   |-- ch.Iso @ Sel. step:     [Worst]
  |   |-- Dir to output:  [/home/hoa/Task_ZgSMP/Output/HistMCLR/Region_Sideband/IsoType_WorstWorst/]
  |   `-- cross-section:    [117.863998]
  |-- Found:          [290624] events
  |-- Selected:       [63747] events
  |-- Save output at: [/home/hoa/Task_ZgSMP/Output/HistMCLR/Region_Sideband/IsoType_WorstWorst/hist16_Muon_Zg.root]
  `-- Job's done:
      |-- Prep time:   [0.000] hours
      |-- Work time:   [0.079] hours
      `-- Total time:  [0.079] hours

 [+] Start processing file #[07] for the [Sideband] region:
  |-- Basic info:
  |   |-- Path to file(s):  [/home/hoa/Task_ZgSMP/Output/Tree_PreselectMC/tree16_Muon_Zg.root]
  |   |-- ch.Iso @ Pre.Sel. step: [Worst]
  |   |-- ch.Iso @ Sel. step:     [Correct]
  |   |-- Dir to output:  [/home/hoa/Task_ZgSMP/Output/HistMCLR/Region_Sideband/IsoType_WorstCorrect/]
  |   `-- cross-section:    [117.863998]
  |-- Found:          [290624] events
  |-- Selected:       [19225] events
  |-- Save output at: [/home/hoa/Task_ZgSMP/Output/HistMCLR/Region_Sideband/IsoType_WorstCorrect/hist16_Muon_Zg.root]
  `-- Job's done:
      |-- Prep time:   [0.000] hours
      |-- Work time:   [0.054] hours
      `-- Total time:  [0.054] hours

 [+] Start processing file #[07] for the [Sideband] region:
  |-- Basic info:
  |   |-- Path to file(s):  [/home/hoa/Task_ZgSMP/Output/Tree_PreselectMC/tree16_Muon_Zg.root]
  |   |-- ch.Iso @ Pre.Sel. step: [Correct]
  |   |-- ch.Iso @ Sel. step:     [Worst]
  |   |-- Dir to output:  [/home/hoa/Task_ZgSMP/Output/HistMCLR/Region_Sideband/IsoType_CorrectWorst/]
  |   `-- cross-section:    [117.863998]
  |-- Found:          [290624] events
  |-- Selected:       [68773] events
  |-- Save output at: [/home/hoa/Task_ZgSMP/Output/HistMCLR/Region_Sideband/IsoType_CorrectWorst/hist16_Muon_Zg.root]
  `-- Job's done:
      |-- Prep time:   [0.000] hours
      |-- Work time:   [0.055] hours
      `-- Total time:  [0.055] hours

 [+] Start processing file #[07] for the [Sideband] region:
  |-- Basic info:
  |   |-- Path to file(s):  [/home/hoa/Task_ZgSMP/Output/Tree_PreselectMC/tree16_Muon_Zg.root]
  |   |-- ch.Iso @ Pre.Sel. step: [Correct]
  |   |-- ch.Iso @ Sel. step:     [Correct]
  |   |-- Dir to output:  [/home/hoa/Task_ZgSMP/Output/HistMCLR/Region_Sideband/IsoType_CorrectCorrect/]
  |   `-- cross-section:    [117.863998]
  |-- Found:          [290624] events
  |-- Selected:       [23420] events
  |-- Save output at: [/home/hoa/Task_ZgSMP/Output/HistMCLR/Region_Sideband/IsoType_CorrectCorrect/hist16_Muon_Zg.root]
  `-- Job's done:
      |-- Prep time:   [0.000] hours
      |-- Work time:   [0.046] hours
      `-- Total time:  [0.046] hours

(int) 0
