
Processing run_Select.C(2016,1,1,1,1,1)...
reading List_File/listMC_inputSelect.txt

 [---------------<< Program starts >>---------------]
 [                                                  ]
 [    [+] Task: Create trees of preselection        ]
 [    [+] List of parameters:                       ]
 [     |-- Data type:           MC                  ]
 [     |-- Lepton type:         electron            ]
 [     |-- Year:                2016                ]
 [     `-- Number of files:     01                  ]
 [                                                  ]
 [--------------------------------------------------]

 Info: Main loop is starting
 ---------------------------
 [+] Start processing file #[01] for the [Signal] region:
  |-- Basic info:
  |   |-- Path to file(s):  [/home/hoa/Task_ZgSMP/Output/Tree_PreselectMC/tree16_Electron_DYJets.root]
  |   |-- ch.Iso @ Pre.Sel. step: [Worst]
  |   |-- ch.Iso @ Sel. step:     [Worst]
  |   |-- Dir to output:  [/home/hoa/Task_ZgSMP/Output/HistMCLR/Region_Signal/IsoType_WorstWorst/]
  |   `-- cross-section:    [6077.220215]
  |-- Found:          [402851] events
  |-- Selected:       [2647] events
  |-- Save output at: [/home/hoa/Task_ZgSMP/Output/HistMCLR/Region_Signal/IsoType_WorstWorst/hist16_Electron_DYJets.root]
  `-- Job's done:
      |-- Prep time:   [0.000] hours
      |-- Work time:   [0.146] hours
      `-- Total time:  [0.146] hours

 [+] Start processing file #[01] for the [Signal] region:
  |-- Basic info:
  |   |-- Path to file(s):  [/home/hoa/Task_ZgSMP/Output/Tree_PreselectMC/tree16_Electron_DYJets.root]
  |   |-- ch.Iso @ Pre.Sel. step: [Worst]
  |   |-- ch.Iso @ Sel. step:     [Correct]
  |   |-- Dir to output:  [/home/hoa/Task_ZgSMP/Output/HistMCLR/Region_Signal/IsoType_WorstCorrect/]
  |   `-- cross-section:    [6077.220215]
  |-- Found:          [402851] events
  |-- Selected:       [6062] events
  |-- Save output at: [/home/hoa/Task_ZgSMP/Output/HistMCLR/Region_Signal/IsoType_WorstCorrect/hist16_Electron_DYJets.root]
  `-- Job's done:
      |-- Prep time:   [0.000] hours
      |-- Work time:   [0.136] hours
      `-- Total time:  [0.136] hours

 [+] Start processing file #[01] for the [Signal] region:
  |-- Basic info:
  |   |-- Path to file(s):  [/home/hoa/Task_ZgSMP/Output/Tree_PreselectMC/tree16_Electron_DYJets.root]
  |   |-- ch.Iso @ Pre.Sel. step: [Correct]
  |   |-- ch.Iso @ Sel. step:     [Worst]
  |   |-- Dir to output:  [/home/hoa/Task_ZgSMP/Output/HistMCLR/Region_Signal/IsoType_CorrectWorst/]
  |   `-- cross-section:    [6077.220215]
  |-- Found:          [402851] events
  |-- Selected:       [2647] events
  |-- Save output at: [/home/hoa/Task_ZgSMP/Output/HistMCLR/Region_Signal/IsoType_CorrectWorst/hist16_Electron_DYJets.root]
  `-- Job's done:
      |-- Prep time:   [0.000] hours
      |-- Work time:   [0.112] hours
      `-- Total time:  [0.112] hours

 [+] Start processing file #[01] for the [Signal] region:
  |-- Basic info:
  |   |-- Path to file(s):  [/home/hoa/Task_ZgSMP/Output/Tree_PreselectMC/tree16_Electron_DYJets.root]
  |   |-- ch.Iso @ Pre.Sel. step: [Correct]
  |   |-- ch.Iso @ Sel. step:     [Correct]
  |   |-- Dir to output:  [/home/hoa/Task_ZgSMP/Output/HistMCLR/Region_Signal/IsoType_CorrectCorrect/]
  |   `-- cross-section:    [6077.220215]
  |-- Found:          [402851] events
  |-- Selected:       [7498] events
  |-- Save output at: [/home/hoa/Task_ZgSMP/Output/HistMCLR/Region_Signal/IsoType_CorrectCorrect/hist16_Electron_DYJets.root]
  `-- Job's done:
      |-- Prep time:   [0.000] hours
      |-- Work time:   [0.108] hours
      `-- Total time:  [0.108] hours

 [+] Start processing file #[01] for the [Sideband] region:
  |-- Basic info:
  |   |-- Path to file(s):  [/home/hoa/Task_ZgSMP/Output/Tree_PreselectMC/tree16_Electron_DYJets.root]
  |   |-- ch.Iso @ Pre.Sel. step: [Worst]
  |   |-- ch.Iso @ Sel. step:     [Worst]
  |   |-- Dir to output:  [/home/hoa/Task_ZgSMP/Output/HistMCLR/Region_Sideband/IsoType_WorstWorst/]
  |   `-- cross-section:    [6077.220215]
  |-- Found:          [402851] events
  |-- Selected:       [17491] events
  |-- Save output at: [/home/hoa/Task_ZgSMP/Output/HistMCLR/Region_Sideband/IsoType_WorstWorst/hist16_Electron_DYJets.root]
  `-- Job's done:
      |-- Prep time:   [0.000] hours
      |-- Work time:   [0.093] hours
      `-- Total time:  [0.093] hours

 [+] Start processing file #[01] for the [Sideband] region:
  |-- Basic info:
  |   |-- Path to file(s):  [/home/hoa/Task_ZgSMP/Output/Tree_PreselectMC/tree16_Electron_DYJets.root]
  |   |-- ch.Iso @ Pre.Sel. step: [Worst]
  |   |-- ch.Iso @ Sel. step:     [Correct]
  |   |-- Dir to output:  [/home/hoa/Task_ZgSMP/Output/HistMCLR/Region_Sideband/IsoType_WorstCorrect/]
  |   `-- cross-section:    [6077.220215]
  |-- Found:          [402851] events
  |-- Selected:       [14095] events
  |-- Save output at: [/home/hoa/Task_ZgSMP/Output/HistMCLR/Region_Sideband/IsoType_WorstCorrect/hist16_Electron_DYJets.root]
  `-- Job's done:
      |-- Prep time:   [0.000] hours
      |-- Work time:   [0.069] hours
      `-- Total time:  [0.069] hours

 [+] Start processing file #[01] for the [Sideband] region:
  |-- Basic info:
  |   |-- Path to file(s):  [/home/hoa/Task_ZgSMP/Output/Tree_PreselectMC/tree16_Electron_DYJets.root]
  |   |-- ch.Iso @ Pre.Sel. step: [Correct]
  |   |-- ch.Iso @ Sel. step:     [Worst]
  |   |-- Dir to output:  [/home/hoa/Task_ZgSMP/Output/HistMCLR/Region_Sideband/IsoType_CorrectWorst/]
  |   `-- cross-section:    [6077.220215]
  |-- Found:          [402851] events
  |-- Selected:       [26988] events
  |-- Save output at: [/home/hoa/Task_ZgSMP/Output/HistMCLR/Region_Sideband/IsoType_CorrectWorst/hist16_Electron_DYJets.root]
  `-- Job's done:
      |-- Prep time:   [0.000] hours
      |-- Work time:   [0.066] hours
      `-- Total time:  [0.066] hours

 [+] Start processing file #[01] for the [Sideband] region:
  |-- Basic info:
  |   |-- Path to file(s):  [/home/hoa/Task_ZgSMP/Output/Tree_PreselectMC/tree16_Electron_DYJets.root]
  |   |-- ch.Iso @ Pre.Sel. step: [Correct]
  |   |-- ch.Iso @ Sel. step:     [Correct]
  |   |-- Dir to output:  [/home/hoa/Task_ZgSMP/Output/HistMCLR/Region_Sideband/IsoType_CorrectCorrect/]
  |   `-- cross-section:    [6077.220215]
  |-- Found:          [402851] events
  |-- Selected:       [22184] events
  |-- Save output at: [/home/hoa/Task_ZgSMP/Output/HistMCLR/Region_Sideband/IsoType_CorrectCorrect/hist16_Electron_DYJets.root]
  `-- Job's done:
      |-- Prep time:   [0.000] hours
      |-- Work time:   [0.045] hours
      `-- Total time:  [0.045] hours

(int) 0
