
Processing run_Select.C(2017,1,1,1,5,5)...
reading List_File/listMC_inputSelect.txt

 [---------------<< Program starts >>---------------]
 [                                                  ]
 [    [+] Task: Create trees of preselection        ]
 [    [+] List of parameters:                       ]
 [     |-- Data type:           MC                  ]
 [     |-- Lepton type:         electron            ]
 [     |-- Year:                2017                ]
 [     `-- Number of files:     01                  ]
 [                                                  ]
 [--------------------------------------------------]

 Info: Main loop is starting
 ---------------------------
 [+] Start processing file #[05] for the [Signal] region:
  |-- Basic info:
  |   |-- Path to file(s):  [/home/hoa/Task_ZgSMP/Output/Tree_PreselectMC/tree17_Electron_ZZ.root]
  |   |-- ch.Iso @ Pre.Sel. step: [Worst]
  |   |-- ch.Iso @ Sel. step:     [Worst]
  |   |-- Dir to output:  [/home/hoa/Task_ZgSMP/Output/HistMCLR/Region_Signal/IsoType_WorstWorst/]
  |   `-- cross-section:    [47.130001]
  |-- Found:          [4180] events
  |-- Selected:       [262] events
  |-- Save output at: [/home/hoa/Task_ZgSMP/Output/HistMCLR/Region_Signal/IsoType_WorstWorst/hist17_Electron_ZZ.root]
  `-- Job's done:
      |-- Prep time:   [0.000] hours
      |-- Work time:   [0.003] hours
      `-- Total time:  [0.003] hours

 [+] Start processing file #[05] for the [Signal] region:
  |-- Basic info:
  |   |-- Path to file(s):  [/home/hoa/Task_ZgSMP/Output/Tree_PreselectMC/tree17_Electron_ZZ.root]
  |   |-- ch.Iso @ Pre.Sel. step: [Worst]
  |   |-- ch.Iso @ Sel. step:     [Correct]
  |   |-- Dir to output:  [/home/hoa/Task_ZgSMP/Output/HistMCLR/Region_Signal/IsoType_WorstCorrect/]
  |   `-- cross-section:    [47.130001]
  |-- Found:          [4180] events
  |-- Selected:       [480] events
  |-- Save output at: [/home/hoa/Task_ZgSMP/Output/HistMCLR/Region_Signal/IsoType_WorstCorrect/hist17_Electron_ZZ.root]
  `-- Job's done:
      |-- Prep time:   [0.000] hours
      |-- Work time:   [0.003] hours
      `-- Total time:  [0.003] hours

 [+] Start processing file #[05] for the [Signal] region:
  |-- Basic info:
  |   |-- Path to file(s):  [/home/hoa/Task_ZgSMP/Output/Tree_PreselectMC/tree17_Electron_ZZ.root]
  |   |-- ch.Iso @ Pre.Sel. step: [Correct]
  |   |-- ch.Iso @ Sel. step:     [Worst]
  |   |-- Dir to output:  [/home/hoa/Task_ZgSMP/Output/HistMCLR/Region_Signal/IsoType_CorrectWorst/]
  |   `-- cross-section:    [47.130001]
  |-- Found:          [4180] events
  |-- Selected:       [262] events
  |-- Save output at: [/home/hoa/Task_ZgSMP/Output/HistMCLR/Region_Signal/IsoType_CorrectWorst/hist17_Electron_ZZ.root]
  `-- Job's done:
      |-- Prep time:   [0.000] hours
      |-- Work time:   [0.003] hours
      `-- Total time:  [0.003] hours

 [+] Start processing file #[05] for the [Signal] region:
  |-- Basic info:
  |   |-- Path to file(s):  [/home/hoa/Task_ZgSMP/Output/Tree_PreselectMC/tree17_Electron_ZZ.root]
  |   |-- ch.Iso @ Pre.Sel. step: [Correct]
  |   |-- ch.Iso @ Sel. step:     [Correct]
  |   |-- Dir to output:  [/home/hoa/Task_ZgSMP/Output/HistMCLR/Region_Signal/IsoType_CorrectCorrect/]
  |   `-- cross-section:    [47.130001]
  |-- Found:          [4180] events
  |-- Selected:       [546] events
  |-- Save output at: [/home/hoa/Task_ZgSMP/Output/HistMCLR/Region_Signal/IsoType_CorrectCorrect/hist17_Electron_ZZ.root]
  `-- Job's done:
      |-- Prep time:   [0.000] hours
      |-- Work time:   [0.003] hours
      `-- Total time:  [0.003] hours

 [+] Start processing file #[05] for the [Sideband] region:
  |-- Basic info:
  |   |-- Path to file(s):  [/home/hoa/Task_ZgSMP/Output/Tree_PreselectMC/tree17_Electron_ZZ.root]
  |   |-- ch.Iso @ Pre.Sel. step: [Worst]
  |   |-- ch.Iso @ Sel. step:     [Worst]
  |   |-- Dir to output:  [/home/hoa/Task_ZgSMP/Output/HistMCLR/Region_Sideband/IsoType_WorstWorst/]
  |   `-- cross-section:    [47.130001]
  |-- Found:          [4180] events
  |-- Selected:       [756] events
  |-- Save output at: [/home/hoa/Task_ZgSMP/Output/HistMCLR/Region_Sideband/IsoType_WorstWorst/hist17_Electron_ZZ.root]
  `-- Job's done:
      |-- Prep time:   [0.000] hours
      |-- Work time:   [0.002] hours
      `-- Total time:  [0.002] hours

 [+] Start processing file #[05] for the [Sideband] region:
  |-- Basic info:
  |   |-- Path to file(s):  [/home/hoa/Task_ZgSMP/Output/Tree_PreselectMC/tree17_Electron_ZZ.root]
  |   |-- ch.Iso @ Pre.Sel. step: [Worst]
  |   |-- ch.Iso @ Sel. step:     [Correct]
  |   |-- Dir to output:  [/home/hoa/Task_ZgSMP/Output/HistMCLR/Region_Sideband/IsoType_WorstCorrect/]
  |   `-- cross-section:    [47.130001]
  |-- Found:          [4180] events
  |-- Selected:       [534] events
  |-- Save output at: [/home/hoa/Task_ZgSMP/Output/HistMCLR/Region_Sideband/IsoType_WorstCorrect/hist17_Electron_ZZ.root]
  `-- Job's done:
      |-- Prep time:   [0.000] hours
      |-- Work time:   [0.002] hours
      `-- Total time:  [0.003] hours

 [+] Start processing file #[05] for the [Sideband] region:
  |-- Basic info:
  |   |-- Path to file(s):  [/home/hoa/Task_ZgSMP/Output/Tree_PreselectMC/tree17_Electron_ZZ.root]
  |   |-- ch.Iso @ Pre.Sel. step: [Correct]
  |   |-- ch.Iso @ Sel. step:     [Worst]
  |   |-- Dir to output:  [/home/hoa/Task_ZgSMP/Output/HistMCLR/Region_Sideband/IsoType_CorrectWorst/]
  |   `-- cross-section:    [47.130001]
  |-- Found:          [4180] events
  |-- Selected:       [1135] events
  |-- Save output at: [/home/hoa/Task_ZgSMP/Output/HistMCLR/Region_Sideband/IsoType_CorrectWorst/hist17_Electron_ZZ.root]
  `-- Job's done:
      |-- Prep time:   [0.000] hours
      |-- Work time:   [0.003] hours
      `-- Total time:  [0.003] hours

 [+] Start processing file #[05] for the [Sideband] region:
  |-- Basic info:
  |   |-- Path to file(s):  [/home/hoa/Task_ZgSMP/Output/Tree_PreselectMC/tree17_Electron_ZZ.root]
  |   |-- ch.Iso @ Pre.Sel. step: [Correct]
  |   |-- ch.Iso @ Sel. step:     [Correct]
  |   |-- Dir to output:  [/home/hoa/Task_ZgSMP/Output/HistMCLR/Region_Sideband/IsoType_CorrectCorrect/]
  |   `-- cross-section:    [47.130001]
  |-- Found:          [4180] events
  |-- Selected:       [849] events
  |-- Save output at: [/home/hoa/Task_ZgSMP/Output/HistMCLR/Region_Sideband/IsoType_CorrectCorrect/hist17_Electron_ZZ.root]
  `-- Job's done:
      |-- Prep time:   [0.000] hours
      |-- Work time:   [0.003] hours
      `-- Total time:  [0.003] hours

(int) 0
