
Processing run_Select.C(2017,1,1,2,7,7)...
reading List_File/listMC_inputSelect.txt

 [---------------<< Program starts >>---------------]
 [                                                  ]
 [    [+] Task: Create trees of preselection        ]
 [    [+] List of parameters:                       ]
 [     |-- Data type:           MC                  ]
 [     |-- Lepton type:         muon                ]
 [     |-- Year:                2017                ]
 [     `-- Number of files:     01                  ]
 [                                                  ]
 [--------------------------------------------------]

 Info: Main loop is starting
 ---------------------------
 [+] Start processing file #[07] for the [Signal] region:
  |-- Basic info:
  |   |-- Path to file(s):  [/home/hoa/Task_ZgSMP/Output/Tree_PreselectMC/tree17_Muon_Zg.root]
  |   |-- ch.Iso @ Pre.Sel. step: [Worst]
  |   |-- ch.Iso @ Sel. step:     [Worst]
  |   |-- Dir to output:  [/home/hoa/Task_ZgSMP/Output/HistMCLR/Region_Signal/IsoType_WorstWorst/]
  |   `-- cross-section:    [117.863998]
  |-- Found:          [291850] events
  |-- Selected:       [97235] events
  |-- Save output at: [/home/hoa/Task_ZgSMP/Output/HistMCLR/Region_Signal/IsoType_WorstWorst/hist17_Muon_Zg.root]
  `-- Job's done:
      |-- Prep time:   [0.000] hours
      |-- Work time:   [0.134] hours
      `-- Total time:  [0.135] hours

 [+] Start processing file #[07] for the [Signal] region:
  |-- Basic info:
  |   |-- Path to file(s):  [/home/hoa/Task_ZgSMP/Output/Tree_PreselectMC/tree17_Muon_Zg.root]
  |   |-- ch.Iso @ Pre.Sel. step: [Worst]
  |   |-- ch.Iso @ Sel. step:     [Correct]
  |   |-- Dir to output:  [/home/hoa/Task_ZgSMP/Output/HistMCLR/Region_Signal/IsoType_WorstCorrect/]
  |   `-- cross-section:    [117.863998]
  |-- Found:          [291850] events
  |-- Selected:       [160183] events
  |-- Save output at: [/home/hoa/Task_ZgSMP/Output/HistMCLR/Region_Signal/IsoType_WorstCorrect/hist17_Muon_Zg.root]
  `-- Job's done:
      |-- Prep time:   [0.000] hours
      |-- Work time:   [0.143] hours
      `-- Total time:  [0.143] hours

 [+] Start processing file #[07] for the [Signal] region:
  |-- Basic info:
  |   |-- Path to file(s):  [/home/hoa/Task_ZgSMP/Output/Tree_PreselectMC/tree17_Muon_Zg.root]
  |   |-- ch.Iso @ Pre.Sel. step: [Correct]
  |   |-- ch.Iso @ Sel. step:     [Worst]
  |   |-- Dir to output:  [/home/hoa/Task_ZgSMP/Output/HistMCLR/Region_Signal/IsoType_CorrectWorst/]
  |   `-- cross-section:    [117.863998]
  |-- Found:          [291850] events
  |-- Selected:       [97235] events
  |-- Save output at: [/home/hoa/Task_ZgSMP/Output/HistMCLR/Region_Signal/IsoType_CorrectWorst/hist17_Muon_Zg.root]
  `-- Job's done:
      |-- Prep time:   [0.000] hours
      |-- Work time:   [0.105] hours
      `-- Total time:  [0.105] hours

 [+] Start processing file #[07] for the [Signal] region:
  |-- Basic info:
  |   |-- Path to file(s):  [/home/hoa/Task_ZgSMP/Output/Tree_PreselectMC/tree17_Muon_Zg.root]
  |   |-- ch.Iso @ Pre.Sel. step: [Correct]
  |   |-- ch.Iso @ Sel. step:     [Correct]
  |   |-- Dir to output:  [/home/hoa/Task_ZgSMP/Output/HistMCLR/Region_Signal/IsoType_CorrectCorrect/]
  |   `-- cross-section:    [117.863998]
  |-- Found:          [291850] events
  |-- Selected:       [161421] events
  |-- Save output at: [/home/hoa/Task_ZgSMP/Output/HistMCLR/Region_Signal/IsoType_CorrectCorrect/hist17_Muon_Zg.root]
  `-- Job's done:
      |-- Prep time:   [0.000] hours
      |-- Work time:   [0.112] hours
      `-- Total time:  [0.112] hours

 [+] Start processing file #[07] for the [Sideband] region:
  |-- Basic info:
  |   |-- Path to file(s):  [/home/hoa/Task_ZgSMP/Output/Tree_PreselectMC/tree17_Muon_Zg.root]
  |   |-- ch.Iso @ Pre.Sel. step: [Worst]
  |   |-- ch.Iso @ Sel. step:     [Worst]
  |   |-- Dir to output:  [/home/hoa/Task_ZgSMP/Output/HistMCLR/Region_Sideband/IsoType_WorstWorst/]
  |   `-- cross-section:    [117.863998]
  |-- Found:          [291850] events
  |-- Selected:       [84323] events
  |-- Save output at: [/home/hoa/Task_ZgSMP/Output/HistMCLR/Region_Sideband/IsoType_WorstWorst/hist17_Muon_Zg.root]
  `-- Job's done:
      |-- Prep time:   [0.000] hours
      |-- Work time:   [0.085] hours
      `-- Total time:  [0.085] hours

 [+] Start processing file #[07] for the [Sideband] region:
  |-- Basic info:
  |   |-- Path to file(s):  [/home/hoa/Task_ZgSMP/Output/Tree_PreselectMC/tree17_Muon_Zg.root]
  |   |-- ch.Iso @ Pre.Sel. step: [Worst]
  |   |-- ch.Iso @ Sel. step:     [Correct]
  |   |-- Dir to output:  [/home/hoa/Task_ZgSMP/Output/HistMCLR/Region_Sideband/IsoType_WorstCorrect/]
  |   `-- cross-section:    [117.863998]
  |-- Found:          [291850] events
  |-- Selected:       [21514] events
  |-- Save output at: [/home/hoa/Task_ZgSMP/Output/HistMCLR/Region_Sideband/IsoType_WorstCorrect/hist17_Muon_Zg.root]
  `-- Job's done:
      |-- Prep time:   [0.000] hours
      |-- Work time:   [0.054] hours
      `-- Total time:  [0.054] hours

 [+] Start processing file #[07] for the [Sideband] region:
  |-- Basic info:
  |   |-- Path to file(s):  [/home/hoa/Task_ZgSMP/Output/Tree_PreselectMC/tree17_Muon_Zg.root]
  |   |-- ch.Iso @ Pre.Sel. step: [Correct]
  |   |-- ch.Iso @ Sel. step:     [Worst]
  |   |-- Dir to output:  [/home/hoa/Task_ZgSMP/Output/HistMCLR/Region_Sideband/IsoType_CorrectWorst/]
  |   `-- cross-section:    [117.863998]
  |-- Found:          [291850] events
  |-- Selected:       [89592] events
  |-- Save output at: [/home/hoa/Task_ZgSMP/Output/HistMCLR/Region_Sideband/IsoType_CorrectWorst/hist17_Muon_Zg.root]
  `-- Job's done:
      |-- Prep time:   [0.000] hours
      |-- Work time:   [0.058] hours
      `-- Total time:  [0.058] hours

 [+] Start processing file #[07] for the [Sideband] region:
  |-- Basic info:
  |   |-- Path to file(s):  [/home/hoa/Task_ZgSMP/Output/Tree_PreselectMC/tree17_Muon_Zg.root]
  |   |-- ch.Iso @ Pre.Sel. step: [Correct]
  |   |-- ch.Iso @ Sel. step:     [Correct]
  |   |-- Dir to output:  [/home/hoa/Task_ZgSMP/Output/HistMCLR/Region_Sideband/IsoType_CorrectCorrect/]
  |   `-- cross-section:    [117.863998]
  |-- Found:          [291850] events
  |-- Selected:       [25759] events
  |-- Save output at: [/home/hoa/Task_ZgSMP/Output/HistMCLR/Region_Sideband/IsoType_CorrectCorrect/hist17_Muon_Zg.root]
  `-- Job's done:
      |-- Prep time:   [0.000] hours
      |-- Work time:   [0.047] hours
      `-- Total time:  [0.047] hours

(int) 0
