
Processing run_Select.C(2017,1,1,2,1,1)...
reading List_File/listMC_inputSelect.txt

 [---------------<< Program starts >>---------------]
 [                                                  ]
 [    [+] Task: Create trees of preselection        ]
 [    [+] List of parameters:                       ]
 [     |-- Data type:           MC                  ]
 [     |-- Lepton type:         muon                ]
 [     |-- Year:                2017                ]
 [     `-- Number of files:     01                  ]
 [                                                  ]
 [--------------------------------------------------]

 Info: Main loop is starting
 ---------------------------
 [+] Start processing file #[01] for the [Signal] region:
  |-- Basic info:
  |   |-- Path to file(s):  [/home/hoa/Task_ZgSMP/Output/Tree_PreselectMC/tree17_Muon_DYJets.root]
  |   |-- ch.Iso @ Pre.Sel. step: [Worst]
  |   |-- ch.Iso @ Sel. step:     [Worst]
  |   |-- Dir to output:  [/home/hoa/Task_ZgSMP/Output/HistMCLR/Region_Signal/IsoType_WorstWorst/]
  |   `-- cross-section:    [6077.220215]
  |-- Found:          [406965] events
  |-- Selected:       [16815] events
  |-- Save output at: [/home/hoa/Task_ZgSMP/Output/HistMCLR/Region_Signal/IsoType_WorstWorst/hist17_Muon_DYJets.root]
  `-- Job's done:
      |-- Prep time:   [0.000] hours
      |-- Work time:   [0.151] hours
      `-- Total time:  [0.151] hours

 [+] Start processing file #[01] for the [Signal] region:
  |-- Basic info:
  |   |-- Path to file(s):  [/home/hoa/Task_ZgSMP/Output/Tree_PreselectMC/tree17_Muon_DYJets.root]
  |   |-- ch.Iso @ Pre.Sel. step: [Worst]
  |   |-- ch.Iso @ Sel. step:     [Correct]
  |   |-- Dir to output:  [/home/hoa/Task_ZgSMP/Output/HistMCLR/Region_Signal/IsoType_WorstCorrect/]
  |   `-- cross-section:    [6077.220215]
  |-- Found:          [406965] events
  |-- Selected:       [50474] events
  |-- Save output at: [/home/hoa/Task_ZgSMP/Output/HistMCLR/Region_Signal/IsoType_WorstCorrect/hist17_Muon_DYJets.root]
  `-- Job's done:
      |-- Prep time:   [0.000] hours
      |-- Work time:   [0.149] hours
      `-- Total time:  [0.149] hours

 [+] Start processing file #[01] for the [Signal] region:
  |-- Basic info:
  |   |-- Path to file(s):  [/home/hoa/Task_ZgSMP/Output/Tree_PreselectMC/tree17_Muon_DYJets.root]
  |   |-- ch.Iso @ Pre.Sel. step: [Correct]
  |   |-- ch.Iso @ Sel. step:     [Worst]
  |   |-- Dir to output:  [/home/hoa/Task_ZgSMP/Output/HistMCLR/Region_Signal/IsoType_CorrectWorst/]
  |   `-- cross-section:    [6077.220215]
  |-- Found:          [406965] events
  |-- Selected:       [16815] events
  |-- Save output at: [/home/hoa/Task_ZgSMP/Output/HistMCLR/Region_Signal/IsoType_CorrectWorst/hist17_Muon_DYJets.root]
  `-- Job's done:
      |-- Prep time:   [0.000] hours
      |-- Work time:   [0.114] hours
      `-- Total time:  [0.114] hours

 [+] Start processing file #[01] for the [Signal] region:
  |-- Basic info:
  |   |-- Path to file(s):  [/home/hoa/Task_ZgSMP/Output/Tree_PreselectMC/tree17_Muon_DYJets.root]
  |   |-- ch.Iso @ Pre.Sel. step: [Correct]
  |   |-- ch.Iso @ Sel. step:     [Correct]
  |   |-- Dir to output:  [/home/hoa/Task_ZgSMP/Output/HistMCLR/Region_Signal/IsoType_CorrectCorrect/]
  |   `-- cross-section:    [6077.220215]
  |-- Found:          [406965] events
  |-- Selected:       [64923] events
  |-- Save output at: [/home/hoa/Task_ZgSMP/Output/HistMCLR/Region_Signal/IsoType_CorrectCorrect/hist17_Muon_DYJets.root]
  `-- Job's done:
      |-- Prep time:   [0.000] hours
      |-- Work time:   [0.120] hours
      `-- Total time:  [0.120] hours

 [+] Start processing file #[01] for the [Sideband] region:
  |-- Basic info:
  |   |-- Path to file(s):  [/home/hoa/Task_ZgSMP/Output/Tree_PreselectMC/tree17_Muon_DYJets.root]
  |   |-- ch.Iso @ Pre.Sel. step: [Worst]
  |   |-- ch.Iso @ Sel. step:     [Worst]
  |   |-- Dir to output:  [/home/hoa/Task_ZgSMP/Output/HistMCLR/Region_Sideband/IsoType_WorstWorst/]
  |   `-- cross-section:    [6077.220215]
  |-- Found:          [406965] events
  |-- Selected:       [152496] events
  |-- Save output at: [/home/hoa/Task_ZgSMP/Output/HistMCLR/Region_Sideband/IsoType_WorstWorst/hist17_Muon_DYJets.root]
  `-- Job's done:
      |-- Prep time:   [0.000] hours
      |-- Work time:   [0.103] hours
      `-- Total time:  [0.103] hours

 [+] Start processing file #[01] for the [Sideband] region:
  |-- Basic info:
  |   |-- Path to file(s):  [/home/hoa/Task_ZgSMP/Output/Tree_PreselectMC/tree17_Muon_DYJets.root]
  |   |-- ch.Iso @ Pre.Sel. step: [Worst]
  |   |-- ch.Iso @ Sel. step:     [Correct]
  |   |-- Dir to output:  [/home/hoa/Task_ZgSMP/Output/HistMCLR/Region_Sideband/IsoType_WorstCorrect/]
  |   `-- cross-section:    [6077.220215]
  |-- Found:          [406965] events
  |-- Selected:       [118999] events
  |-- Save output at: [/home/hoa/Task_ZgSMP/Output/HistMCLR/Region_Sideband/IsoType_WorstCorrect/hist17_Muon_DYJets.root]
  `-- Job's done:
      |-- Prep time:   [0.000] hours
      |-- Work time:   [0.080] hours
      `-- Total time:  [0.080] hours

 [+] Start processing file #[01] for the [Sideband] region:
  |-- Basic info:
  |   |-- Path to file(s):  [/home/hoa/Task_ZgSMP/Output/Tree_PreselectMC/tree17_Muon_DYJets.root]
  |   |-- ch.Iso @ Pre.Sel. step: [Correct]
  |   |-- ch.Iso @ Sel. step:     [Worst]
  |   |-- Dir to output:  [/home/hoa/Task_ZgSMP/Output/HistMCLR/Region_Sideband/IsoType_CorrectWorst/]
  |   `-- cross-section:    [6077.220215]
  |-- Found:          [406965] events
  |-- Selected:       [235634] events
  |-- Save output at: [/home/hoa/Task_ZgSMP/Output/HistMCLR/Region_Sideband/IsoType_CorrectWorst/hist17_Muon_DYJets.root]
  `-- Job's done:
      |-- Prep time:   [0.000] hours
      |-- Work time:   [0.067] hours
      `-- Total time:  [0.067] hours

 [+] Start processing file #[01] for the [Sideband] region:
  |-- Basic info:
  |   |-- Path to file(s):  [/home/hoa/Task_ZgSMP/Output/Tree_PreselectMC/tree17_Muon_DYJets.root]
  |   |-- ch.Iso @ Pre.Sel. step: [Correct]
  |   |-- ch.Iso @ Sel. step:     [Correct]
  |   |-- Dir to output:  [/home/hoa/Task_ZgSMP/Output/HistMCLR/Region_Sideband/IsoType_CorrectCorrect/]
  |   `-- cross-section:    [6077.220215]
  |-- Found:          [406965] events
  |-- Selected:       [187947] events
  |-- Save output at: [/home/hoa/Task_ZgSMP/Output/HistMCLR/Region_Sideband/IsoType_CorrectCorrect/hist17_Muon_DYJets.root]
  `-- Job's done:
      |-- Prep time:   [0.000] hours
      |-- Work time:   [0.033] hours
      `-- Total time:  [0.033] hours

(int) 0
