
Processing run_Select.C(2018,1,1,1,7,7)...
reading List_File/listMC_inputSelect.txt

 [---------------<< Program starts >>---------------]
 [                                                  ]
 [    [+] Task: Create trees of preselection        ]
 [    [+] List of parameters:                       ]
 [     |-- Data type:           MC                  ]
 [     |-- Lepton type:         electron            ]
 [     |-- Year:                2018                ]
 [     `-- Number of files:     01                  ]
 [                                                  ]
 [--------------------------------------------------]

 Info: Main loop is starting
 ---------------------------
 [+] Start processing file #[07] for the [Signal] region:
  |-- Basic info:
  |   |-- Path to file(s):  [/home/hoa/Task_ZgSMP/Output/Tree_PreselectMC/tree18_Electron_Zg.root]
  |   |-- ch.Iso @ Pre.Sel. step: [Worst]
  |   |-- ch.Iso @ Sel. step:     [Worst]
  |   |-- Dir to output:  [/home/hoa/Task_ZgSMP/Output/HistMCLR/Region_Signal/IsoType_WorstWorst/]
  |   `-- cross-section:    [117.863998]
  |-- Found:          [179407] events
  |-- Selected:       [47700] events
  |-- Save output at: [/home/hoa/Task_ZgSMP/Output/HistMCLR/Region_Signal/IsoType_WorstWorst/hist18_Electron_Zg.root]
  `-- Job's done:
      |-- Prep time:   [0.000] hours
      |-- Work time:   [0.084] hours
      `-- Total time:  [0.084] hours

 [+] Start processing file #[07] for the [Signal] region:
  |-- Basic info:
  |   |-- Path to file(s):  [/home/hoa/Task_ZgSMP/Output/Tree_PreselectMC/tree18_Electron_Zg.root]
  |   |-- ch.Iso @ Pre.Sel. step: [Worst]
  |   |-- ch.Iso @ Sel. step:     [Correct]
  |   |-- Dir to output:  [/home/hoa/Task_ZgSMP/Output/HistMCLR/Region_Signal/IsoType_WorstCorrect/]
  |   `-- cross-section:    [117.863998]
  |-- Found:          [179407] events
  |-- Selected:       [76656] events
  |-- Save output at: [/home/hoa/Task_ZgSMP/Output/HistMCLR/Region_Signal/IsoType_WorstCorrect/hist18_Electron_Zg.root]
  `-- Job's done:
      |-- Prep time:   [0.000] hours
      |-- Work time:   [0.081] hours
      `-- Total time:  [0.081] hours

 [+] Start processing file #[07] for the [Signal] region:
  |-- Basic info:
  |   |-- Path to file(s):  [/home/hoa/Task_ZgSMP/Output/Tree_PreselectMC/tree18_Electron_Zg.root]
  |   |-- ch.Iso @ Pre.Sel. step: [Correct]
  |   |-- ch.Iso @ Sel. step:     [Worst]
  |   |-- Dir to output:  [/home/hoa/Task_ZgSMP/Output/HistMCLR/Region_Signal/IsoType_CorrectWorst/]
  |   `-- cross-section:    [117.863998]
  |-- Found:          [179407] events
  |-- Selected:       [47700] events
  |-- Save output at: [/home/hoa/Task_ZgSMP/Output/HistMCLR/Region_Signal/IsoType_CorrectWorst/hist18_Electron_Zg.root]
  `-- Job's done:
      |-- Prep time:   [0.000] hours
      |-- Work time:   [0.073] hours
      `-- Total time:  [0.073] hours

 [+] Start processing file #[07] for the [Signal] region:
  |-- Basic info:
  |   |-- Path to file(s):  [/home/hoa/Task_ZgSMP/Output/Tree_PreselectMC/tree18_Electron_Zg.root]
  |   |-- ch.Iso @ Pre.Sel. step: [Correct]
  |   |-- ch.Iso @ Sel. step:     [Correct]
  |   |-- Dir to output:  [/home/hoa/Task_ZgSMP/Output/HistMCLR/Region_Signal/IsoType_CorrectCorrect/]
  |   `-- cross-section:    [117.863998]
  |-- Found:          [179407] events
  |-- Selected:       [77299] events
  |-- Save output at: [/home/hoa/Task_ZgSMP/Output/HistMCLR/Region_Signal/IsoType_CorrectCorrect/hist18_Electron_Zg.root]
  `-- Job's done:
      |-- Prep time:   [0.000] hours
      |-- Work time:   [0.078] hours
      `-- Total time:  [0.078] hours

 [+] Start processing file #[07] for the [Sideband] region:
  |-- Basic info:
  |   |-- Path to file(s):  [/home/hoa/Task_ZgSMP/Output/Tree_PreselectMC/tree18_Electron_Zg.root]
  |   |-- ch.Iso @ Pre.Sel. step: [Worst]
  |   |-- ch.Iso @ Sel. step:     [Worst]
  |   |-- Dir to output:  [/home/hoa/Task_ZgSMP/Output/HistMCLR/Region_Sideband/IsoType_WorstWorst/]
  |   `-- cross-section:    [117.863998]
  |-- Found:          [179407] events
  |-- Selected:       [39257] events
  |-- Save output at: [/home/hoa/Task_ZgSMP/Output/HistMCLR/Region_Sideband/IsoType_WorstWorst/hist18_Electron_Zg.root]
  `-- Job's done:
      |-- Prep time:   [0.000] hours
      |-- Work time:   [0.058] hours
      `-- Total time:  [0.058] hours

 [+] Start processing file #[07] for the [Sideband] region:
  |-- Basic info:
  |   |-- Path to file(s):  [/home/hoa/Task_ZgSMP/Output/Tree_PreselectMC/tree18_Electron_Zg.root]
  |   |-- ch.Iso @ Pre.Sel. step: [Worst]
  |   |-- ch.Iso @ Sel. step:     [Correct]
  |   |-- Dir to output:  [/home/hoa/Task_ZgSMP/Output/HistMCLR/Region_Sideband/IsoType_WorstCorrect/]
  |   `-- cross-section:    [117.863998]
  |-- Found:          [179407] events
  |-- Selected:       [10306] events
  |-- Save output at: [/home/hoa/Task_ZgSMP/Output/HistMCLR/Region_Sideband/IsoType_WorstCorrect/hist18_Electron_Zg.root]
  `-- Job's done:
      |-- Prep time:   [0.000] hours
      |-- Work time:   [0.050] hours
      `-- Total time:  [0.050] hours

 [+] Start processing file #[07] for the [Sideband] region:
  |-- Basic info:
  |   |-- Path to file(s):  [/home/hoa/Task_ZgSMP/Output/Tree_PreselectMC/tree18_Electron_Zg.root]
  |   |-- ch.Iso @ Pre.Sel. step: [Correct]
  |   |-- ch.Iso @ Sel. step:     [Worst]
  |   |-- Dir to output:  [/home/hoa/Task_ZgSMP/Output/HistMCLR/Region_Sideband/IsoType_CorrectWorst/]
  |   `-- cross-section:    [117.863998]
  |-- Found:          [179407] events
  |-- Selected:       [41996] events
  |-- Save output at: [/home/hoa/Task_ZgSMP/Output/HistMCLR/Region_Sideband/IsoType_CorrectWorst/hist18_Electron_Zg.root]
  `-- Job's done:
      |-- Prep time:   [0.000] hours
      |-- Work time:   [0.056] hours
      `-- Total time:  [0.056] hours

 [+] Start processing file #[07] for the [Sideband] region:
  |-- Basic info:
  |   |-- Path to file(s):  [/home/hoa/Task_ZgSMP/Output/Tree_PreselectMC/tree18_Electron_Zg.root]
  |   |-- ch.Iso @ Pre.Sel. step: [Correct]
  |   |-- ch.Iso @ Sel. step:     [Correct]
  |   |-- Dir to output:  [/home/hoa/Task_ZgSMP/Output/HistMCLR/Region_Sideband/IsoType_CorrectCorrect/]
  |   `-- cross-section:    [117.863998]
  |-- Found:          [179407] events
  |-- Selected:       [12513] events
  |-- Save output at: [/home/hoa/Task_ZgSMP/Output/HistMCLR/Region_Sideband/IsoType_CorrectCorrect/hist18_Electron_Zg.root]
  `-- Job's done:
      |-- Prep time:   [0.000] hours
      |-- Work time:   [0.050] hours
      `-- Total time:  [0.050] hours

(int) 0
