
Processing run_Select.C(2018,1,1,2,1,1)...
reading List_File/listMC_inputSelect.txt

 [---------------<< Program starts >>---------------]
 [                                                  ]
 [    [+] Task: Create trees of preselection        ]
 [    [+] List of parameters:                       ]
 [     |-- Data type:           MC                  ]
 [     |-- Lepton type:         muon                ]
 [     |-- Year:                2018                ]
 [     `-- Number of files:     01                  ]
 [                                                  ]
 [--------------------------------------------------]

 Info: Main loop is starting
 ---------------------------
 [+] Start processing file #[01] for the [Signal] region:
  |-- Basic info:
  |   |-- Path to file(s):  [/home/hoa/Task_ZgSMP/Output/Tree_PreselectMC/tree18_Muon_DYJets.root]
  |   |-- ch.Iso @ Pre.Sel. step: [Worst]
  |   |-- ch.Iso @ Sel. step:     [Worst]
  |   |-- Dir to output:  [/home/hoa/Task_ZgSMP/Output/HistMCLR/Region_Signal/IsoType_WorstWorst/]
  |   `-- cross-section:    [6077.220215]
  |-- Found:          [375713] events
  |-- Selected:       [15113] events
  |-- Save output at: [/home/hoa/Task_ZgSMP/Output/HistMCLR/Region_Signal/IsoType_WorstWorst/hist18_Muon_DYJets.root]
  `-- Job's done:
      |-- Prep time:   [0.000] hours
      |-- Work time:   [0.141] hours
      `-- Total time:  [0.141] hours

 [+] Start processing file #[01] for the [Signal] region:
  |-- Basic info:
  |   |-- Path to file(s):  [/home/hoa/Task_ZgSMP/Output/Tree_PreselectMC/tree18_Muon_DYJets.root]
  |   |-- ch.Iso @ Pre.Sel. step: [Worst]
  |   |-- ch.Iso @ Sel. step:     [Correct]
  |   |-- Dir to output:  [/home/hoa/Task_ZgSMP/Output/HistMCLR/Region_Signal/IsoType_WorstCorrect/]
  |   `-- cross-section:    [6077.220215]
  |-- Found:          [375713] events
  |-- Selected:       [46189] events
  |-- Save output at: [/home/hoa/Task_ZgSMP/Output/HistMCLR/Region_Signal/IsoType_WorstCorrect/hist18_Muon_DYJets.root]
  `-- Job's done:
      |-- Prep time:   [0.000] hours
      |-- Work time:   [0.139] hours
      `-- Total time:  [0.139] hours

 [+] Start processing file #[01] for the [Signal] region:
  |-- Basic info:
  |   |-- Path to file(s):  [/home/hoa/Task_ZgSMP/Output/Tree_PreselectMC/tree18_Muon_DYJets.root]
  |   |-- ch.Iso @ Pre.Sel. step: [Correct]
  |   |-- ch.Iso @ Sel. step:     [Worst]
  |   |-- Dir to output:  [/home/hoa/Task_ZgSMP/Output/HistMCLR/Region_Signal/IsoType_CorrectWorst/]
  |   `-- cross-section:    [6077.220215]
  |-- Found:          [375713] events
  |-- Selected:       [15113] events
  |-- Save output at: [/home/hoa/Task_ZgSMP/Output/HistMCLR/Region_Signal/IsoType_CorrectWorst/hist18_Muon_DYJets.root]
  `-- Job's done:
      |-- Prep time:   [0.000] hours
      |-- Work time:   [0.110] hours
      `-- Total time:  [0.110] hours

 [+] Start processing file #[01] for the [Signal] region:
  |-- Basic info:
  |   |-- Path to file(s):  [/home/hoa/Task_ZgSMP/Output/Tree_PreselectMC/tree18_Muon_DYJets.root]
  |   |-- ch.Iso @ Pre.Sel. step: [Correct]
  |   |-- ch.Iso @ Sel. step:     [Correct]
  |   |-- Dir to output:  [/home/hoa/Task_ZgSMP/Output/HistMCLR/Region_Signal/IsoType_CorrectCorrect/]
  |   `-- cross-section:    [6077.220215]
  |-- Found:          [375713] events
  |-- Selected:       [59653] events
  |-- Save output at: [/home/hoa/Task_ZgSMP/Output/HistMCLR/Region_Signal/IsoType_CorrectCorrect/hist18_Muon_DYJets.root]
  `-- Job's done:
      |-- Prep time:   [0.000] hours
      |-- Work time:   [0.114] hours
      `-- Total time:  [0.114] hours

 [+] Start processing file #[01] for the [Sideband] region:
  |-- Basic info:
  |   |-- Path to file(s):  [/home/hoa/Task_ZgSMP/Output/Tree_PreselectMC/tree18_Muon_DYJets.root]
  |   |-- ch.Iso @ Pre.Sel. step: [Worst]
  |   |-- ch.Iso @ Sel. step:     [Worst]
  |   |-- Dir to output:  [/home/hoa/Task_ZgSMP/Output/HistMCLR/Region_Sideband/IsoType_WorstWorst/]
  |   `-- cross-section:    [6077.220215]
  |-- Found:          [375713] events
  |-- Selected:       [140903] events
  |-- Save output at: [/home/hoa/Task_ZgSMP/Output/HistMCLR/Region_Sideband/IsoType_WorstWorst/hist18_Muon_DYJets.root]
  `-- Job's done:
      |-- Prep time:   [0.000] hours
      |-- Work time:   [0.107] hours
      `-- Total time:  [0.107] hours

 [+] Start processing file #[01] for the [Sideband] region:
  |-- Basic info:
  |   |-- Path to file(s):  [/home/hoa/Task_ZgSMP/Output/Tree_PreselectMC/tree18_Muon_DYJets.root]
  |   |-- ch.Iso @ Pre.Sel. step: [Worst]
  |   |-- ch.Iso @ Sel. step:     [Correct]
  |   |-- Dir to output:  [/home/hoa/Task_ZgSMP/Output/HistMCLR/Region_Sideband/IsoType_WorstCorrect/]
  |   `-- cross-section:    [6077.220215]
  |-- Found:          [375713] events
  |-- Selected:       [109968] events
  |-- Save output at: [/home/hoa/Task_ZgSMP/Output/HistMCLR/Region_Sideband/IsoType_WorstCorrect/hist18_Muon_DYJets.root]
  `-- Job's done:
      |-- Prep time:   [0.000] hours
      |-- Work time:   [0.078] hours
      `-- Total time:  [0.078] hours

 [+] Start processing file #[01] for the [Sideband] region:
  |-- Basic info:
  |   |-- Path to file(s):  [/home/hoa/Task_ZgSMP/Output/Tree_PreselectMC/tree18_Muon_DYJets.root]
  |   |-- ch.Iso @ Pre.Sel. step: [Correct]
  |   |-- ch.Iso @ Sel. step:     [Worst]
  |   |-- Dir to output:  [/home/hoa/Task_ZgSMP/Output/HistMCLR/Region_Sideband/IsoType_CorrectWorst/]
  |   `-- cross-section:    [6077.220215]
  |-- Found:          [375713] events
  |-- Selected:       [217158] events
  |-- Save output at: [/home/hoa/Task_ZgSMP/Output/HistMCLR/Region_Sideband/IsoType_CorrectWorst/hist18_Muon_DYJets.root]
  `-- Job's done:
      |-- Prep time:   [0.000] hours
      |-- Work time:   [0.075] hours
      `-- Total time:  [0.075] hours

 [+] Start processing file #[01] for the [Sideband] region:
  |-- Basic info:
  |   |-- Path to file(s):  [/home/hoa/Task_ZgSMP/Output/Tree_PreselectMC/tree18_Muon_DYJets.root]
  |   |-- ch.Iso @ Pre.Sel. step: [Correct]
  |   |-- ch.Iso @ Sel. step:     [Correct]
  |   |-- Dir to output:  [/home/hoa/Task_ZgSMP/Output/HistMCLR/Region_Sideband/IsoType_CorrectCorrect/]
  |   `-- cross-section:    [6077.220215]
  |-- Found:          [375713] events
  |-- Selected:       [172974] events
  |-- Save output at: [/home/hoa/Task_ZgSMP/Output/HistMCLR/Region_Sideband/IsoType_CorrectCorrect/hist18_Muon_DYJets.root]
  `-- Job's done:
      |-- Prep time:   [0.000] hours
      |-- Work time:   [0.045] hours
      `-- Total time:  [0.045] hours

(int) 0
