
Processing run_Select.C(2018,1,1,2,4,4)...
reading List_File/listMC_inputSelect.txt

 [---------------<< Program starts >>---------------]
 [                                                  ]
 [    [+] Task: Create trees of preselection        ]
 [    [+] List of parameters:                       ]
 [     |-- Data type:           MC                  ]
 [     |-- Lepton type:         muon                ]
 [     |-- Year:                2018                ]
 [     `-- Number of files:     01                  ]
 [                                                  ]
 [--------------------------------------------------]

 Info: Main loop is starting
 ---------------------------
 [+] Start processing file #[04] for the [Signal] region:
  |-- Basic info:
  |   |-- Path to file(s):  [/home/hoa/Task_ZgSMP/Output/Tree_PreselectMC/tree18_Muon_WZ.root]
  |   |-- ch.Iso @ Pre.Sel. step: [Worst]
  |   |-- ch.Iso @ Sel. step:     [Worst]
  |   |-- Dir to output:  [/home/hoa/Task_ZgSMP/Output/HistMCLR/Region_Signal/IsoType_WorstWorst/]
  |   `-- cross-section:    [118.699997]
  |-- Found:          [3916] events
  |-- Selected:       [501] events
  |-- Save output at: [/home/hoa/Task_ZgSMP/Output/HistMCLR/Region_Signal/IsoType_WorstWorst/hist18_Muon_WZ.root]
  `-- Job's done:
      |-- Prep time:   [0.000] hours
      |-- Work time:   [0.002] hours
      `-- Total time:  [0.003] hours

 [+] Start processing file #[04] for the [Signal] region:
  |-- Basic info:
  |   |-- Path to file(s):  [/home/hoa/Task_ZgSMP/Output/Tree_PreselectMC/tree18_Muon_WZ.root]
  |   |-- ch.Iso @ Pre.Sel. step: [Worst]
  |   |-- ch.Iso @ Sel. step:     [Correct]
  |   |-- Dir to output:  [/home/hoa/Task_ZgSMP/Output/HistMCLR/Region_Signal/IsoType_WorstCorrect/]
  |   `-- cross-section:    [118.699997]
  |-- Found:          [3916] events
  |-- Selected:       [985] events
  |-- Save output at: [/home/hoa/Task_ZgSMP/Output/HistMCLR/Region_Signal/IsoType_WorstCorrect/hist18_Muon_WZ.root]
  `-- Job's done:
      |-- Prep time:   [0.000] hours
      |-- Work time:   [0.003] hours
      `-- Total time:  [0.003] hours

 [+] Start processing file #[04] for the [Signal] region:
  |-- Basic info:
  |   |-- Path to file(s):  [/home/hoa/Task_ZgSMP/Output/Tree_PreselectMC/tree18_Muon_WZ.root]
  |   |-- ch.Iso @ Pre.Sel. step: [Correct]
  |   |-- ch.Iso @ Sel. step:     [Worst]
  |   |-- Dir to output:  [/home/hoa/Task_ZgSMP/Output/HistMCLR/Region_Signal/IsoType_CorrectWorst/]
  |   `-- cross-section:    [118.699997]
  |-- Found:          [3916] events
  |-- Selected:       [501] events
  |-- Save output at: [/home/hoa/Task_ZgSMP/Output/HistMCLR/Region_Signal/IsoType_CorrectWorst/hist18_Muon_WZ.root]
  `-- Job's done:
      |-- Prep time:   [0.000] hours
      |-- Work time:   [0.002] hours
      `-- Total time:  [0.002] hours

 [+] Start processing file #[04] for the [Signal] region:
  |-- Basic info:
  |   |-- Path to file(s):  [/home/hoa/Task_ZgSMP/Output/Tree_PreselectMC/tree18_Muon_WZ.root]
  |   |-- ch.Iso @ Pre.Sel. step: [Correct]
  |   |-- ch.Iso @ Sel. step:     [Correct]
  |   |-- Dir to output:  [/home/hoa/Task_ZgSMP/Output/HistMCLR/Region_Signal/IsoType_CorrectCorrect/]
  |   `-- cross-section:    [118.699997]
  |-- Found:          [3916] events
  |-- Selected:       [1110] events
  |-- Save output at: [/home/hoa/Task_ZgSMP/Output/HistMCLR/Region_Signal/IsoType_CorrectCorrect/hist18_Muon_WZ.root]
  `-- Job's done:
      |-- Prep time:   [0.000] hours
      |-- Work time:   [0.003] hours
      `-- Total time:  [0.003] hours

 [+] Start processing file #[04] for the [Sideband] region:
  |-- Basic info:
  |   |-- Path to file(s):  [/home/hoa/Task_ZgSMP/Output/Tree_PreselectMC/tree18_Muon_WZ.root]
  |   |-- ch.Iso @ Pre.Sel. step: [Worst]
  |   |-- ch.Iso @ Sel. step:     [Worst]
  |   |-- Dir to output:  [/home/hoa/Task_ZgSMP/Output/HistMCLR/Region_Sideband/IsoType_WorstWorst/]
  |   `-- cross-section:    [118.699997]
  |-- Found:          [3916] events
  |-- Selected:       [1406] events
  |-- Save output at: [/home/hoa/Task_ZgSMP/Output/HistMCLR/Region_Sideband/IsoType_WorstWorst/hist18_Muon_WZ.root]
  `-- Job's done:
      |-- Prep time:   [0.000] hours
      |-- Work time:   [0.003] hours
      `-- Total time:  [0.003] hours

 [+] Start processing file #[04] for the [Sideband] region:
  |-- Basic info:
  |   |-- Path to file(s):  [/home/hoa/Task_ZgSMP/Output/Tree_PreselectMC/tree18_Muon_WZ.root]
  |   |-- ch.Iso @ Pre.Sel. step: [Worst]
  |   |-- ch.Iso @ Sel. step:     [Correct]
  |   |-- Dir to output:  [/home/hoa/Task_ZgSMP/Output/HistMCLR/Region_Sideband/IsoType_WorstCorrect/]
  |   `-- cross-section:    [118.699997]
  |-- Found:          [3916] events
  |-- Selected:       [922] events
  |-- Save output at: [/home/hoa/Task_ZgSMP/Output/HistMCLR/Region_Sideband/IsoType_WorstCorrect/hist18_Muon_WZ.root]
  `-- Job's done:
      |-- Prep time:   [0.000] hours
      |-- Work time:   [0.003] hours
      `-- Total time:  [0.003] hours

 [+] Start processing file #[04] for the [Sideband] region:
  |-- Basic info:
  |   |-- Path to file(s):  [/home/hoa/Task_ZgSMP/Output/Tree_PreselectMC/tree18_Muon_WZ.root]
  |   |-- ch.Iso @ Pre.Sel. step: [Correct]
  |   |-- ch.Iso @ Sel. step:     [Worst]
  |   |-- Dir to output:  [/home/hoa/Task_ZgSMP/Output/HistMCLR/Region_Sideband/IsoType_CorrectWorst/]
  |   `-- cross-section:    [118.699997]
  |-- Found:          [3916] events
  |-- Selected:       [2030] events
  |-- Save output at: [/home/hoa/Task_ZgSMP/Output/HistMCLR/Region_Sideband/IsoType_CorrectWorst/hist18_Muon_WZ.root]
  `-- Job's done:
      |-- Prep time:   [0.000] hours
      |-- Work time:   [0.003] hours
      `-- Total time:  [0.003] hours

 [+] Start processing file #[04] for the [Sideband] region:
  |-- Basic info:
  |   |-- Path to file(s):  [/home/hoa/Task_ZgSMP/Output/Tree_PreselectMC/tree18_Muon_WZ.root]
  |   |-- ch.Iso @ Pre.Sel. step: [Correct]
  |   |-- ch.Iso @ Sel. step:     [Correct]
  |   |-- Dir to output:  [/home/hoa/Task_ZgSMP/Output/HistMCLR/Region_Sideband/IsoType_CorrectCorrect/]
  |   `-- cross-section:    [118.699997]
  |-- Found:          [3916] events
  |-- Selected:       [1428] events
  |-- Save output at: [/home/hoa/Task_ZgSMP/Output/HistMCLR/Region_Sideband/IsoType_CorrectCorrect/hist18_Muon_WZ.root]
  `-- Job's done:
      |-- Prep time:   [0.000] hours
      |-- Work time:   [0.003] hours
      `-- Total time:  [0.003] hours

(int) 0
