
Processing run_Preselect.C(2017,1,1,1,1,1)...
reading List_File/listMC_inputPreselect.txt
reading List_File/listMC_outputPreselect.txt

 [---------------<< Program starts >>---------------]
 [                                                  ]
 [    [+] Task: Create trees of preselection        ]
 [    [+] List of parameters:                       ]
 [     |-- Data type:           MC                  ]
 [     |-- Lepton type:         electron            ]
 [     |-- Year:                2017                ]
 [     `-- Number of files:     01                  ]
 [                                                  ]
 [--------------------------------------------------]

 Info: Main loop is starting
 ---------------------------
 [+] Start processing file #[01] in the list:
  |-- Input info:
  |   |-- Path to file(s):  [/home/hoa/Task_ZgSMP/Output/Tree_SkimMC/tree17_Electron_DYJets.root]
  |-- Dir to output:  [/home/hoa/Task_ZgSMP/Output/Tree_PreselectMC/]
  |   |-- Reproc version:   [1]
  |   |-- cross-section:    [6077.220215]
  |   |-- Do use new PU:    [0]
  |   `-- Do reject photon: [1]
  |-- Found:          [27520636] events
  |-- Selected:       [424734] events
  |-- Save output at: [/home/hoa/Task_ZgSMP/Output/Tree_PreselectMC/tree17_Electron_DYJets.root]
  `-- Job's done:
      |-- Prep time:   [0.000] hours
      |-- Work time:   [1.791] hours
      `-- Total time:  [1.791] hours

(int) 0
