
Processing run_Skim.C(0,2,2016,1,3,3)...
reading List_File/listDT_inputSkim.txt
reading List_File/listDT_outputSkim.txt

 [---------------<< Program starts >>---------------]
 [                                                  ]
 [    [+] Task: Create skimmed trees                ]
 [    [+] List of parameters:                       ]
 [     |-- Data type:           Data                ]
 [     |-- Reproccessing:       Ultra-legacy        ]
 [     |-- Lepton type:         electron            ]
 [     |-- Year:                2016                ]
 [     `-- Number of files:     01                  ]
 [                                                  ]
 [--------------------------------------------------]

 Info: Main loop is starting
 ---------------------------
 [+] Start processing file #[03] in the list:
  |-- Input info:
  |   |-- Path to file(s):  [/data3/ggNtuples/V10_06_20_00/job_DoubleEG_Run2016D_UL]
  |   |-- Reproc version:   [2]
  |   |-- cross-section:    [0.000000]
  |   `-- Reject photon:    [0]
  |-- Dir to output:  [/home/hoa/Task_ZgSMP/Output/Tree_SkimDT/]
  |-- Found:          [52423951] events
  |-- Selected:       [4717918] events
  |-- Save output at: [/home/hoa/Task_ZgSMP/Output/Tree_SkimDT/tree16UL_Electron_RunD.root]
  `-- Job's done:
      |-- Prep time:   [0.009] hours
      |-- Work time:   [4.309] hours
      `-- Total time:  [4.318] hours

(int) 0
