
Processing run_Skim.C(0,2,2016,2,6,6)...
reading List_File/listDT_inputSkim.txt
reading List_File/listDT_outputSkim.txt

 [---------------<< Program starts >>---------------]
 [                                                  ]
 [    [+] Task: Create skimmed trees                ]
 [    [+] List of parameters:                       ]
 [     |-- Data type:           Data                ]
 [     |-- Reproccessing:       Ultra-legacy        ]
 [     |-- Lepton type:         muon                ]
 [     |-- Year:                2016                ]
 [     `-- Number of files:     01                  ]
 [                                                  ]
 [--------------------------------------------------]

 Info: Main loop is starting
 ---------------------------
 [+] Start processing file #[06] in the list:
  |-- Input info:
  |   |-- Path to file(s):  [/data3/ggNtuples/V10_06_20_00/job_DoubleMu_Run2016F2_UL]
  |   |-- Reproc version:   [2]
  |   |-- cross-section:    [0.000000]
  |   `-- Reject photon:    [0]
  |-- Dir to output:  [/home/hoa/Task_ZgSMP/Output/Tree_SkimDT/]
  |-- Found:          [2421401] events
  |-- Selected:       [189799] events
  |-- Save output at: [/home/hoa/Task_ZgSMP/Output/Tree_SkimDT/tree16UL_Muon_RunF2.root]
  `-- Job's done:
      |-- Prep time:   [0.001] hours
      |-- Work time:   [0.219] hours
      `-- Total time:  [0.220] hours

(int) 0
