
Processing run_Skim.C(0,2,2018,2,2,2)...
reading List_File/listDT_inputSkim.txt
reading List_File/listDT_outputSkim.txt

 [---------------<< Program starts >>---------------]
 [                                                  ]
 [    [+] Task: Create skimmed trees                ]
 [    [+] List of parameters:                       ]
 [     |-- Data type:           Data                ]
 [     |-- Reproccessing:       Ultra-legacy        ]
 [     |-- Lepton type:         muon                ]
 [     |-- Year:                2018                ]
 [     `-- Number of files:     01                  ]
 [                                                  ]
 [--------------------------------------------------]

 Info: Main loop is starting
 ---------------------------
 [+] Start processing file #[02] in the list:
  |-- Input info:
  |   |-- Path to file(s):  [/data3/ggNtuples/V10_06_20_00/job_DoubleMu_Run2018B_UL]
  |   |-- Reproc version:   [2]
  |   |-- cross-section:    [0.000000]
  |   `-- Reject photon:    [0]
  |-- Dir to output:  [/home/hoa/Task_ZgSMP/Output/Tree_SkimDT/]
  |-- Found:          [32173507] events
  |-- Selected:       [1603590] events
  |-- Save output at: [/home/hoa/Task_ZgSMP/Output/Tree_SkimDT/tree18UL_Muon_RunB.root]
  `-- Job's done:
      |-- Prep time:   [0.001] hours
      |-- Work time:   [1.439] hours
      `-- Total time:  [1.440] hours

(int) 0
