
Processing run_Skim.C(1,1,2016,1,1,1)...
reading List_File/listMC_inputSkim.txt
reading List_File/listMC_outputSkim.txt

 [---------------<< Program starts >>---------------]
 [                                                  ]
 [    [+] Task: Create skimmed trees                ]
 [    [+] List of parameters:                       ]
 [     |-- Data type:           MC                  ]
 [     |-- Reproccessing:       Legacy              ]
 [     |-- Lepton type:         electron            ]
 [     |-- Year:                2016                ]
 [     `-- Number of files:     01                  ]
 [                                                  ]
 [--------------------------------------------------]

 Info: Main loop is starting
 ---------------------------
 [+] Start processing file #[01] in the list:
  |-- Input info:
  |   |-- Path to file(s):  [/data6/ggNtuples/V10_02_10_07/job_summer16_DYJetsToLL_m50_aMCatNLO_ext2]
  |   |-- Reproc version:   [1]
  |   |-- cross-section:    [6077.220215]
  |   `-- Reject photon:    [1]
  |-- Dir to output:  [/home/hoa/Task_ZgSMP/Output/Tree_SkimMC/]
  |-- Found:          [120777245] events
  |-- Selected:       [15994117] events
  |-- Save output at: [/home/hoa/Task_ZgSMP/Output/Tree_SkimMC/tree16_Electron_DYJets.root]
  `-- Job's done:
      |-- Prep time:   [0.015] hours
      |-- Work time:   [6.010] hours
      `-- Total time:  [6.024] hours

(int) 0
