
Processing run_Skim.C(1,1,2016,2,5,5)...
reading List_File/listMC_inputSkim.txt
reading List_File/listMC_outputSkim.txt

 [---------------<< Program starts >>---------------]
 [                                                  ]
 [    [+] Task: Create skimmed trees                ]
 [    [+] List of parameters:                       ]
 [     |-- Data type:           MC                  ]
 [     |-- Reproccessing:       Legacy              ]
 [     |-- Lepton type:         muon                ]
 [     |-- Year:                2016                ]
 [     `-- Number of files:     01                  ]
 [                                                  ]
 [--------------------------------------------------]

 Info: Main loop is starting
 ---------------------------
 [+] Start processing file #[05] in the list:
  |-- Input info:
  |   |-- Path to file(s):  [/data6/ggNtuples/V10_02_10_07/job_summer16_{ZZ,ZZ_ext1}]
  |   |-- Reproc version:   [1]
  |   |-- cross-section:    [47.130001]
  |   `-- Reject photon:    [0]
  |-- Dir to output:  [/home/hoa/Task_ZgSMP/Output/Tree_SkimMC/]
  |-- Found:          [1988098] events
  |-- Selected:       [87767] events
  |-- Save output at: [/home/hoa/Task_ZgSMP/Output/Tree_SkimMC/tree16_Muon_ZZ.root]
  `-- Job's done:
      |-- Prep time:   [0.000] hours
      |-- Work time:   [0.120] hours
      `-- Total time:  [0.121] hours

(int) 0
