
Processing run_Skim.C(1,1,2017,1,1,1)...
reading List_File/listMC_inputSkim.txt
reading List_File/listMC_outputSkim.txt

 [---------------<< Program starts >>---------------]
 [                                                  ]
 [    [+] Task: Create skimmed trees                ]
 [    [+] List of parameters:                       ]
 [     |-- Data type:           MC                  ]
 [     |-- Reproccessing:       Legacy              ]
 [     |-- Lepton type:         electron            ]
 [     |-- Year:                2017                ]
 [     `-- Number of files:     01                  ]
 [                                                  ]
 [--------------------------------------------------]

 Info: Main loop is starting
 ---------------------------
 [+] Start processing file #[01] in the list:
  |-- Input info:
  |   |-- Path to file(s):  [/data6/ggNtuples/V10_02_10_07/job_fall17_DYJetsToLL_m50_aMCatNLO*]
  |   |-- Reproc version:   [1]
  |   |-- cross-section:    [6077.220215]
  |   `-- Reject photon:    [1]
  |-- Dir to output:  [/home/hoa/Task_ZgSMP/Output/Tree_SkimMC/]
  |-- Found:          [209773027] events
  |-- Selected:       [27520636] events
  |-- Save output at: [/home/hoa/Task_ZgSMP/Output/Tree_SkimMC/tree17_Electron_DYJets.root]
  `-- Job's done:
      |-- Prep time:   [0.053] hours
      |-- Work time:   [9.280] hours
      `-- Total time:  [9.333] hours

(int) 0
